-1	7897817
-10	305979
-100	2169
-101	2023
-1012	1
-1018	1
-102	2032
-1024	1
-103	1986
-104	1960
-105	1843
-1059	1
-106	1777
-1061	1
-1064	1
-107	1821
-108	1736
-1085	1
-109	1621
-11	261210
-110	1627
-1104	1
-111	1567
-112	1547
-113	1424
-114	1450
-115	1384
-116	1469
-117	1357
-118	1269
-119	1273
-12	226841
-120	1205
-121	1181
-122	1209
-123	1189
-124	1100
-125	1092
-126	1034
-127	1013
-128	966
-129	941
-1299	1
-13	199158
-130	934
-131	933
-1317	1
-132	933
-1328	1
-133	837
-134	867
-135	805
-136	826
-137	834
-1379	1
-138	809
-139	784
-1399	1
-14	174723
-140	762
-141	762
-142	735
-143	680
-144	676
-145	640
-1456	1
-146	632
-1463	1
-147	654
-148	629
-1489	1
-149	577
-15	155218
-150	570
-151	570
-152	567
-153	525
-154	535
-155	529
-156	495
-157	500
-158	515
-159	469
-16	138622
-160	486
-161	448
-162	449
-163	408
-164	469
-165	446
-166	415
-167	444
-168	377
-169	388
-17	124678
-170	361
-171	384
-172	359
-173	352
-174	346
-175	324
-176	349
-177	343
-178	321
-179	300
-18	112304
-180	298
-181	303
-182	321
-183	299
-184	287
-185	296
-186	283
-187	289
-188	265
-189	257
-19	101954
-190	296
-191	265
-192	262
-193	250
-194	234
-195	265
-196	256
-197	230
-198	245
-199	215
-2	3186761
-20	93013
-200	220
-201	241
-202	201
-203	215
-204	199
-205	184
-206	216
-207	195
-208	213
-209	212
-21	85024
-210	217
-211	172
-212	183
-213	165
-214	148
-215	139
-216	146
-217	150
-218	138
-219	137
-22	77475
-220	131
-221	145
-222	177
-223	134
-224	159
-225	132
-226	119
-227	147
-228	100
-229	117
-23	71534
-230	121
-231	143
-232	123
-233	119
-234	128
-235	95
-236	108
-237	116
-238	93
-239	103
-24	65725
-240	112
-241	93
-242	96
-243	101
-244	82
-245	89
-246	90
-247	93
-248	86
-249	97
-25	60705
-250	92
-251	87
-252	86
-253	74
-254	73
-255	90
-256	64
-257	72
-258	73
-259	82
-26	55544
-260	61
-261	57
-262	56
-263	66
-264	81
-265	62
-266	61
-267	56
-268	82
-269	55
-27	52258
-270	50
-271	61
-272	56
-273	45
-274	42
-275	46
-276	48
-277	34
-278	51
-279	50
-28	48004
-280	50
-281	48
-282	51
-283	38
-284	44
-285	42
-286	38
-287	36
-288	43
-289	45
-29	44882
-290	33
-291	46
-292	31
-293	42
-294	24
-295	39
-296	31
-297	26
-298	33
-299	26
-3	1850519
-30	41592
-300	29
-301	33
-302	34
-303	22
-304	21
-305	26
-306	22
-307	23
-308	33
-309	27
-31	38941
-310	28
-311	17
-312	23
-313	24
-314	25
-315	19
-316	24
-317	19
-318	26
-319	23
-32	36580
-320	18
-321	24
-322	17
-323	18
-324	17
-325	17
-326	26
-327	16
-328	26
-329	21
-33	34544
-330	22
-331	11
-332	21
-333	19
-334	17
-335	24
-336	12
-337	14
-338	15
-339	20
-34	32600
-340	13
-341	20
-342	26
-343	16
-344	7
-345	17
-346	9
-347	10
-348	10
-349	10
-35	30380
-350	14
-351	12
-352	12
-353	10
-354	17
-355	14
-356	19
-357	11
-358	11
-359	11
-36	28451
-360	12
-361	10
-362	9
-363	6
-364	10
-365	8
-366	8
-367	7
-368	7
-369	7
-37	26998
-370	6
-371	11
-372	9
-373	4
-374	5
-375	9
-376	8
-377	2
-378	7
-379	5
-38	25493
-380	7
-381	9
-382	1
-383	3
-384	5
-385	7
-386	6
-387	5
-388	3
-389	3
-39	23677
-390	3
-391	5
-392	3
-393	7
-394	4
-395	5
-396	4
-397	10
-398	9
-399	7
-4	1235042
-40	22499
-400	6
-401	6
-402	3
-403	7
-404	8
-405	8
-406	2
-407	5
-408	10
-409	4
-41	21267
-410	4
-411	4
-412	3
-413	8
-414	6
-415	4
-416	4
-417	2
-418	1
-419	3
-42	20486
-420	1
-421	3
-422	7
-423	3
-424	4
-425	4
-426	2
-427	4
-428	4
-429	5
-43	19413
-430	4
-431	1
-432	4
-433	3
-434	3
-436	2
-437	2
-438	2
-439	2
-44	18189
-440	3
-441	1
-442	4
-443	2
-444	5
-445	5
-446	4
-447	2
-448	4
-449	1
-45	17375
-450	1
-451	2
-452	2
-453	1
-454	2
-455	1
-456	3
-458	2
-459	5
-46	16652
-460	5
-461	2
-462	1
-463	1
-464	2
-465	1
-466	2
-467	2
-47	15439
-470	2
-471	3
-472	1
-473	1
-474	1
-475	5
-477	5
-478	1
-479	3
-48	14789
-480	5
-481	2
-482	1
-483	1
-484	2
-485	1
-486	2
-487	2
-489	1
-49	14056
-491	3
-492	2
-493	1
-494	1
-495	2
-497	3
-498	1
-499	2
-5	893746
-50	13624
-501	4
-502	1
-503	2
-504	2
-505	2
-506	1
-507	4
-509	1
-51	13089
-510	4
-511	2
-512	1
-513	3
-516	4
-517	1
-518	1
-519	1
-52	12353
-520	1
-522	1
-523	1
-524	2
-525	1
-527	1
-529	1
-53	11749
-531	1
-532	3
-533	2
-534	3
-535	1
-536	1
-54	11164
-540	2
-541	1
-542	2
-543	2
-544	2
-546	3
-548	1
-55	10883
-550	1
-552	1
-553	3
-554	3
-555	2
-557	2
-558	1
-559	2
-56	10262
-560	2
-565	1
-566	1
-57	9823
-570	1
-571	1
-572	1
-573	2
-577	1
-578	2
-58	9424
-580	1
-586	1
-589	2
-59	8937
-592	1
-593	2
-598	1
-6	679917
-60	8414
-600	1
-601	2
-602	1
-603	1
-604	1
-605	1
-606	2
-607	2
-608	1
-61	8295
-610	2
-614	1
-619	2
-62	7887
-626	1
-629	1
-63	7712
-631	1
-634	1
-636	1
-639	2
-64	7281
-642	1
-643	1
-644	1
-645	2
-65	7060
-652	1
-653	1
-655	1
-657	2
-66	6850
-663	2
-668	1
-67	6490
-677	1
-68	6210
-688	1
-689	1
-69	5942
-691	1
-693	2
-698	4
-7	538313
-70	5941
-704	1
-708	1
-71	5690
-714	1
-72	5497
-727	2
-728	1
-73	5211
-732	1
-74	5009
-741	1
-743	1
-745	2
-75	4906
-750	1
-752	1
-76	4598
-77	4518
-773	2
-779	1
-78	4355
-785	1
-786	1
-79	4213
-791	1
-8	437135
-80	4134
-81	3888
-82	3810
-83	3699
-84	3504
-85	3440
-854	1
-857	1
-86	3279
-87	3174
-88	2973
-89	2984
-895	1
-9	362562
-90	2846
-91	2840
-92	2775
-921	1
-929	1
-93	2664
-94	2594
-95	2418
-96	2400
-960	1
-963	1
-965	1
-97	2340
-98	2278
-985	2
-99	2204
-991	1
0	158435
1	123403
10	26483
100	4757
1000	9
1001	7
1002	10
1003	8
1004	9
1005	9
1006	9
1007	5
1008	4
1009	10
101	4806
1010	9
1011	9
1012	7
1013	8
1014	9
1015	3
1016	3
1017	11
1018	9
1019	7
102	4586
1020	5
1021	6
1022	7
1023	6
1024	8
1025	7
1026	3
1027	7
1028	5
1029	8
103	4586
1030	8
1031	6
1032	1
1033	6
1034	7
1035	5
1036	5
1037	7
1038	6
1039	10
104	4445
1040	6
1041	5
1042	5
1043	7
1044	7
1045	4
1046	4
1047	5
1048	4
1049	4
105	4405
1050	7
1051	4
1052	7
1053	7
1054	3
1055	3
1056	4
1057	4
1058	5
1059	4
106	4406
1060	4
1061	2
1062	7
1063	5
1064	2
1065	5
1066	1
1067	6
1068	12
1069	11
107	4255
1070	3
1071	5
1072	8
1073	7
1074	4
1075	9
1076	6
1077	3
1078	5
1079	7
108	4302
1080	8
1081	9
1082	5
1083	3
1084	6
1085	4
1086	5
1087	5
1088	6
1089	10
109	4208
1090	7
1091	5
1092	5
1093	3
1094	4
1095	5
1096	4
1097	5
1098	7
1099	7
11	24777
110	4134
1100	5
1101	7
1102	7
1103	9
1104	6
1105	6
1106	3
1107	5
1108	4
1109	5
111	4162
1110	6
1111	8
1112	5
1113	7
1114	5
1115	4
1116	8
1117	9
1118	5
1119	1
112	4004
1120	2
1121	5
1122	6
1123	7
1124	6
1125	2
1126	4
1127	6
1128	8
1129	5
113	4040
1130	5
1131	2
1132	3
1133	7
1134	10
1135	3
1136	4
1137	5
1138	2
1139	3
114	3971
1140	6
1141	5
1142	8
1143	4
1144	4
1145	5
1146	6
1147	8
1148	6
1149	4
115	3932
1150	3
1151	7
1152	5
1153	7
1154	5
1155	3
1156	2
1157	6
1158	2
1159	6
116	3870
1160	2
1161	6
1162	2
1163	3
1164	4
1165	8
1166	5
1167	7
1168	4
1169	8
117	3866
1170	6
1171	6
1172	3
1173	3
1174	8
1175	5
1176	4
1177	8
1178	3
1179	5
118	3693
1180	2
1181	1
1182	3
1183	2
1184	3
1185	3
1186	10
1187	4
1188	5
1189	4
119	3676
1190	6
1191	6
1192	4
1193	6
1194	2
1195	2
1196	7
1197	1
1198	5
1199	4
12	23209
120	3583
1200	4
1201	3
1202	4
1204	3
1205	5
1206	5
1207	9
1208	3
1209	6
121	3682
1210	5
1211	8
1212	1
1213	4
1214	4
1215	3
1216	4
1217	5
1219	3
122	3595
1220	6
1222	1
1223	4
1224	4
1225	3
1226	2
1227	3
1228	4
1229	4
123	3568
1231	4
1232	7
1233	2
1235	3
1236	2
1237	3
1238	3
1239	6
124	3341
1240	2
1241	3
1242	6
1243	6
1244	5
1245	3
1246	2
1247	3
1248	2
1249	2
125	3467
1250	3
1251	3
1252	4
1253	2
1254	1
1255	7
1256	3
1257	2
1258	4
1259	2
126	3437
1260	3
1261	2
1262	2
1263	2
1264	3
1265	6
1266	4
1267	4
1268	2
1269	1
127	3339
1270	5
1271	5
1272	2
1273	2
1274	6
1275	7
1276	6
1277	4
1278	5
1279	5
128	3216
1280	7
1281	4
1282	3
1283	3
1284	3
1285	3
1286	4
1287	7
1288	7
1289	1
129	3202
1290	5
1291	7
1292	5
1293	2
1294	3
1295	3
1296	3
1297	2
1299	8
13	21992
130	3304
1300	1
1301	3
1302	4
1303	1
1304	4
1305	6
1306	2
1307	2
1308	2
1309	3
131	3214
1310	5
1311	4
1312	3
1313	1
1314	5
1315	2
1316	1
1317	5
1318	6
1319	1
132	3147
1320	5
1321	2
1322	4
1323	5
1324	4
1326	7
1327	2
1328	4
1329	3
133	3156
1330	3
1331	4
1332	1
1333	3
1334	3
1335	1
1336	3
1337	4
1338	5
1339	4
134	3073
1340	3
1341	1
1342	4
1343	2
1344	1
1345	4
1346	4
1347	7
1348	5
1349	2
135	3041
1350	3
1351	2
1352	5
1353	2
1354	4
1355	6
1356	3
1357	4
1358	1
1359	2
136	3028
1360	4
1361	3
1362	3
1364	2
1365	7
1366	2
1367	1
1368	6
1369	3
137	2942
1370	6
1371	1
1372	1
1373	4
1374	5
1375	5
1376	4
1377	3
1378	4
1379	2
138	2917
1381	2
1382	3
1383	2
1384	1
1385	6
1386	4
1388	1
1389	2
139	2952
1390	5
1391	3
1392	3
1393	2
1394	6
1395	6
1396	5
1397	6
1398	8
1399	2
14	21144
140	2874
1400	6
1401	3
1402	3
1403	6
1404	1
1405	3
1406	1
1407	5
1408	3
1409	4
141	2796
1410	1
1411	4
1412	1
1413	5
1414	2
1415	2
1416	8
1417	2
1418	4
1419	5
142	2854
1420	3
1421	4
1423	4
1424	5
1425	6
1426	3
1427	5
1428	2
1429	4
143	2735
1430	3
1431	4
1432	2
1433	2
1434	1
1435	1
1436	4
1437	4
1438	3
144	2747
1440	3
1441	5
1442	1
1443	2
1444	2
1445	7
1446	2
1447	3
1448	5
1449	4
145	2665
1450	2
1452	2
1453	3
1454	2
1455	1
1456	5
1458	3
1459	2
146	2607
1460	3
1461	5
1462	2
1463	2
1464	1
1465	3
1466	3
1467	1
1468	3
1469	3
147	2663
1470	7
1471	2
1472	2
1473	1
1474	2
1475	1
1476	2
1477	4
1478	7
1479	1
148	2613
1480	3
1481	7
1482	3
1483	3
1484	3
1485	2
1486	1
1487	2
1488	2
1489	2
149	2541
1490	1
1491	1
1492	3
1493	4
1494	2
1495	1
1496	3
1497	2
1498	5
1499	4
15	20314
150	2524
1500	1
1501	5
1502	2
1503	2
1504	2
1505	1
1506	5
1507	3
1508	3
1509	2
151	2514
1510	2
1511	2
1512	3
1513	2
1514	5
1515	2
1516	1
1517	1
1518	1
152	2433
1520	4
1521	3
1522	4
1523	1
1524	4
1525	3
1527	2
1529	3
153	2330
1530	2
1531	3
1532	3
1535	1
1536	4
1537	2
1538	2
1539	2
154	2404
1540	2
1541	2
1542	2
1544	3
1545	2
1546	5
1547	2
1548	1
1549	1
155	2377
1550	3
1551	5
1552	1
1553	2
1554	3
1556	2
1557	2
1559	3
156	2295
1560	4
1561	1
1562	2
1563	1
1564	1
1566	1
1567	1
1568	2
1569	2
157	2354
1570	1
1571	1
1572	2
1573	1
1574	2
1575	3
1576	2
1577	2
1578	2
1579	4
158	2230
1580	3
1581	1
1582	5
1583	2
1585	2
1586	1
1587	2
1588	2
1589	1
159	2190
1590	2
1591	2
1592	1
1593	2
1594	1
1595	4
1597	4
1598	2
1599	5
16	19270
160	2245
1600	2
1601	4
1602	1
1604	1
1606	1
1607	2
1608	1
1609	3
161	2244
1610	1
1611	1
1612	3
1613	3
1614	4
1615	1
1616	1
1617	2
162	2178
1620	1
1622	2
1624	8
1625	1
1626	1
1627	5
1628	3
1629	1
163	2204
1630	2
1631	2
1632	1
1634	2
1635	1
1636	2
1637	4
164	2191
1640	1
1641	4
1642	1
1643	1
1644	1
1645	3
1647	2
1648	4
1649	2
165	2035
1650	3
1651	1
1652	2
1654	3
1655	2
1656	2
1658	2
166	2092
1660	1
1662	2
1663	1
1665	2
1666	1
1668	1
167	2108
1672	1
1673	1
1674	1
1676	1
1677	1
1679	1
168	2061
1680	1
1681	1
1682	1
1683	2
1685	2
1686	1
1687	1
1688	3
169	2057
1690	3
1691	4
1694	1
1695	3
1696	2
1698	1
1699	1
17	18518
170	1997
1700	1
1701	1
1705	4
1707	1
1708	2
1709	3
171	1960
1710	1
1712	1
1716	1
1717	2
1718	2
1719	3
172	1927
1721	2
1723	2
1724	1
1725	4
1726	2
1727	3
1728	1
1729	2
173	1984
1730	3
1731	1
1732	1
1734	1
1737	1
174	1953
1741	5
1745	3
1748	1
1749	4
175	1927
1751	1
1753	1
1754	1
1756	1
1757	2
1758	1
1759	1
176	1879
1761	2
1762	2
1763	2
1767	1
1768	1
177	1783
1770	1
1771	2
1774	2
1775	3
1776	2
1779	2
178	1802
1780	3
1783	1
1784	1
1785	1
1786	1
1787	2
1788	1
179	1767
1790	1
1794	1
1796	2
1797	2
1798	1
18	17935
180	1757
1800	1
1804	1
1805	1
1806	1
181	1727
1810	1
1811	2
1812	1
1813	1
1816	2
1818	1
1819	1
182	1699
1820	2
1822	1
1825	1
1826	2
1829	2
183	1633
1830	1
1831	1
1833	2
1834	2
1837	3
1838	1
1839	1
184	1725
1841	1
1843	1
1844	1
1845	1
1846	1
1848	1
1849	2
185	1732
1850	1
1853	2
1854	2
1857	1
1858	1
186	1597
1860	1
1862	2
1863	1
1864	1
1865	2
1866	1
1867	1
1868	3
187	1695
1871	1
1872	2
1873	1
1878	2
188	1607
1880	1
1886	1
1888	1
189	1599
1890	1
1896	1
1899	2
19	17443
190	1579
1903	1
1904	1
1905	1
1908	1
191	1620
1915	1
1917	1
1918	1
192	1555
1920	1
1922	2
193	1523
1933	1
1934	1
1938	1
1939	1
194	1539
1940	1
1943	1
1944	1
1948	1
195	1443
1952	1
1953	1
1954	1
1956	1
1957	1
1958	1
196	1466
1964	1
1965	1
1966	1
197	1441
1972	1
1975	1
1977	2
1979	1
198	1499
1980	2
1981	1
1984	1
1986	1
199	1337
1996	1
1997	1
2	84063
20	16963
200	1404
2004	2
2009	1
201	1413
2010	1
2011	2
2014	3
2016	2
2017	2
202	1459
2028	1
203	1346
2030	1
2034	2
2037	1
204	1389
2042	1
2043	1
2044	1
2045	1
2049	1
205	1349
2050	2
2059	1
206	1342
2065	1
2067	1
2068	1
207	1267
2071	1
2072	1
2077	1
2078	1
2079	1
208	1311
209	1291
2091	1
2092	1
2096	1
2098	1
21	16642
210	1303
2100	1
2105	1
2107	1
211	1310
2111	1
2112	1
2115	1
212	1214
2120	1
2126	1
2128	1
213	1201
2132	1
2137	1
2138	2
214	1211
2140	1
2144	1
215	1279
2154	1
2156	3
2159	1
216	1202
2160	1
2166	2
2168	1
217	1176
2172	1
2174	1
2175	1
2176	1
2178	2
218	1191
2181	1
2182	1
2183	1
2184	2
2185	1
2187	1
2188	2
219	1183
2198	1
22	16102
220	1202
2201	1
2207	1
221	1138
2211	1
2213	1
2215	1
2217	1
2219	1
222	1074
2220	1
2222	1
2223	1
223	1151
2232	2
2233	1
224	1154
2240	1
2241	1
2247	1
225	1051
2252	1
2253	1
2256	1
2257	1
2259	1
226	1070
2260	2
2262	3
2269	1
227	1039
2271	1
2276	1
2277	1
2278	1
2279	1
228	1101
2281	2
229	1027
2292	2
2293	1
2294	1
2295	2
2298	1
2299	1
23	15453
230	1054
2301	2
2304	1
2307	1
2309	2
231	1092
2311	1
2313	1
2319	1
232	1050
2320	1
2322	1
2324	1
2325	1
233	968
2336	2
2338	2
2339	1
234	956
2340	1
2343	1
2348	1
2349	1
235	986
2354	1
2356	2
2357	1
236	964
2362	2
2363	2
2365	2
2367	1
237	978
2370	1
2373	1
238	944
2380	1
2381	1
2382	2
2383	1
2386	1
2389	1
239	969
2396	1
2397	1
2398	1
24	15083
240	904
2402	2
2403	1
2407	2
241	894
2410	1
2411	1
2413	1
2415	2
2416	1
2419	1
242	872
2422	1
2428	1
2429	1
243	883
2430	1
2432	1
2436	1
2439	1
244	879
2440	2
2441	1
2442	1
2444	2
2445	1
2446	1
2449	2
245	907
2451	2
2453	2
2454	1
2458	1
246	851
2460	2
2461	1
2464	1
2468	1
247	894
2470	1
2472	1
2477	1
2478	2
248	855
2481	1
2486	1
2489	1
249	840
2490	1
2491	1
2492	1
2497	1
25	14767
250	858
2500	1
2501	2
2504	1
2506	1
2507	2
251	829
2511	1
2513	1
2514	2
2515	1
252	865
2523	2
2524	2
2527	1
253	818
2530	1
2533	1
2535	1
2539	1
254	757
2542	1
2547	2
2548	1
2549	1
255	833
2553	1
2556	1
2557	2
2558	1
2559	1
256	797
2560	2
2561	1
2562	1
2563	1
2564	1
2565	1
2566	1
2567	2
2569	1
257	839
2570	2
2572	3
2575	1
2577	2
2578	1
258	778
2581	1
2582	1
2583	2
2584	1
2586	1
2588	1
2589	2
259	784
2590	1
2592	1
2595	1
2598	3
2599	2
26	14291
260	730
2603	2
2606	1
2608	1
261	772
2611	1
2612	1
2614	2
2616	1
2619	2
262	742
2622	1
2623	1
2624	1
2627	1
2629	3
263	774
2631	1
2632	1
2633	1
2634	1
2635	1
2638	2
264	748
2640	1
2641	1
2644	1
2645	1
2646	1
2649	1
265	723
2650	1
2652	2
2657	1
2658	1
266	744
2661	2
2663	1
2664	2
2666	1
2667	1
2668	1
2669	1
267	694
2671	1
2674	2
2675	1
2676	1
2677	2
2678	1
2679	1
268	702
2680	1
2681	2
2682	2
2684	1
2685	3
2687	1
2688	1
269	709
2691	4
2693	2
2694	1
2698	1
27	14103
270	679
2702	1
2703	1
2704	1
2707	2
2708	1
2709	2
271	669
2711	1
2712	1
2713	1
2714	1
2716	1
2717	1
272	662
2721	2
2722	1
2723	1
2725	2
2726	1
2727	1
273	646
2730	2
2731	2
2734	1
2735	1
2739	1
274	717
2741	1
2742	1
2743	1
2744	2
2746	1
2747	2
2748	1
2749	3
275	680
2750	3
2752	1
2755	1
276	670
2761	1
2762	3
2764	2
2767	1
2769	1
277	727
2771	1
2775	1
2777	1
2778	1
278	691
2781	2
2782	1
2783	1
2785	1
2788	1
279	672
2792	1
2793	1
2799	2
28	13864
280	598
2802	1
2806	2
2808	2
281	627
2810	3
2812	2
2813	1
2814	1
2816	3
2817	1
2819	2
282	640
2822	1
2823	1
2825	1
2826	3
2828	2
2829	1
283	662
2830	2
2832	1
2834	2
2836	3
2837	1
284	625
2840	5
2841	1
2842	2
2844	1
2846	3
2848	2
2849	2
285	622
2851	1
2854	2
2856	1
2857	1
2858	2
286	611
2862	1
2863	1
2864	1
2865	2
2866	1
2867	1
2868	1
2869	1
287	605
2871	2
2872	1
2873	1
2874	1
2875	1
2879	1
288	623
2880	1
2883	2
2885	1
2887	2
2888	2
289	612
2890	1
2891	1
2892	1
2893	1
2894	1
2895	1
29	13747
290	551
2903	1
2905	1
291	577
2912	1
2915	1
2917	1
2918	2
292	620
2921	1
2923	1
2925	1
2926	1
293	586
2930	1
294	529
2940	1
2946	1
2948	1
295	603
2953	1
296	560
2960	1
297	560
2978	1
298	533
2985	1
299	545
3	64542
30	13245
300	533
301	501
302	501
303	472
304	498
305	486
306	516
307	513
308	509
3088	1
309	485
31	13161
310	492
311	450
312	495
313	487
314	465
315	460
316	446
317	482
318	452
319	455
32	12920
320	408
321	432
322	411
323	448
324	384
325	414
326	457
327	414
328	414
329	415
33	12703
330	406
331	424
332	393
333	386
334	375
335	372
336	401
337	372
338	356
339	381
34	12235
340	369
341	372
342	363
343	346
344	357
345	345
346	370
347	352
348	346
349	333
35	12164
350	353
351	346
352	324
353	341
354	326
355	351
356	297
357	307
358	328
359	304
36	11909
360	305
361	321
362	305
363	300
364	295
365	318
366	291
367	275
368	289
369	290
37	11789
370	288
371	271
372	295
373	267
374	278
375	268
376	236
377	257
378	270
379	231
38	11546
380	266
381	278
382	254
383	249
384	258
385	266
386	250
387	231
388	257
389	239
39	11449
390	283
391	237
392	238
393	222
394	232
395	212
396	246
397	233
398	230
399	233
4	52878
40	11185
400	256
401	240
402	217
403	249
404	200
405	236
406	223
407	199
408	205
409	213
41	11089
410	221
411	197
412	236
413	213
414	216
415	216
416	193
417	201
418	184
419	197
42	10801
420	183
421	196
422	210
423	210
424	198
425	187
426	210
427	188
428	179
429	164
43	10654
430	147
431	177
432	183
433	180
434	191
435	165
436	192
437	193
438	148
439	191
44	10660
440	167
441	156
442	168
443	164
444	158
445	169
446	168
447	159
448	168
449	143
45	10488
450	152
451	131
452	141
453	153
454	125
455	159
456	132
457	146
458	139
459	160
46	9995
460	143
461	140
462	136
463	123
464	134
465	136
466	140
467	145
468	134
469	120
47	10059
470	119
471	129
472	111
473	124
474	123
475	125
476	115
477	104
478	125
479	124
48	9885
480	114
481	118
482	121
483	138
484	92
485	101
486	103
487	89
488	110
489	129
49	9759
490	103
491	99
492	106
493	121
494	104
495	75
496	97
497	100
498	104
499	101
5	44456
50	9624
500	97
501	86
502	89
503	99
504	84
505	103
506	76
507	86
508	98
509	87
51	9414
510	100
511	111
512	95
513	92
514	90
515	95
516	93
517	92
518	97
519	82
52	9363
520	87
521	82
522	91
523	74
524	83
525	93
526	70
527	93
528	69
529	81
53	9151
530	88
531	70
532	88
533	73
534	74
535	78
536	67
537	78
538	78
539	62
54	8991
540	89
541	82
542	67
543	70
544	87
545	67
546	65
547	81
548	53
549	73
55	8974
550	68
551	85
552	73
553	67
554	67
555	69
556	78
557	75
558	62
559	63
56	8801
560	62
561	58
562	71
563	62
564	52
565	76
566	70
567	67
568	61
569	62
57	8777
570	59
571	53
572	42
573	54
574	70
575	42
576	45
577	63
578	47
579	64
58	8608
580	59
581	56
582	59
583	53
584	53
585	50
586	61
587	46
588	60
589	53
59	8337
590	53
591	46
592	50
593	47
594	56
595	48
596	43
597	49
598	67
599	36
6	38667
60	8263
600	47
601	70
602	45
603	57
604	57
605	45
606	52
607	52
608	44
609	46
61	8053
610	35
611	51
612	43
613	48
614	60
615	43
616	49
617	44
618	32
619	39
62	8047
620	54
621	26
622	45
623	43
624	36
625	35
626	40
627	44
628	37
629	40
63	7978
630	43
631	28
632	36
633	35
634	40
635	43
636	37
637	42
638	31
639	28
64	7740
640	35
641	36
642	28
643	44
644	31
645	35
646	37
647	39
648	39
649	39
65	7776
650	38
651	26
652	39
653	26
654	30
655	25
656	37
657	32
658	28
659	31
66	7663
660	36
661	30
662	38
663	30
664	31
665	35
666	40
667	35
668	34
669	45
67	7637
670	27
671	33
672	37
673	22
674	30
675	34
676	31
677	24
678	35
679	38
68	7640
680	24
681	30
682	31
683	26
684	29
685	31
686	29
687	25
688	27
689	23
69	7199
690	25
691	27
692	34
693	26
694	25
695	25
696	30
697	25
698	35
699	25
7	34262
70	7128
700	19
701	25
702	24
703	24
704	29
705	29
706	24
707	22
708	19
709	20
71	7155
710	29
711	19
712	27
713	23
714	22
715	25
716	33
717	28
718	29
719	38
72	7227
720	21
721	29
722	19
723	29
724	15
725	28
726	23
727	20
728	19
729	26
73	6927
730	26
731	29
732	21
733	21
734	30
735	21
736	19
737	14
738	21
739	19
74	6784
740	22
741	23
742	17
743	26
744	19
745	18
746	27
747	13
748	15
749	20
75	6837
750	19
751	17
752	32
753	22
754	12
755	27
756	27
757	20
758	23
759	14
76	6517
760	15
761	21
762	24
763	20
764	18
765	18
766	19
767	21
768	17
769	22
77	6565
770	23
771	19
772	17
773	26
774	21
775	20
776	27
777	14
778	16
779	21
78	6359
780	20
781	19
782	14
783	22
784	30
785	18
786	16
787	15
788	12
789	18
79	6312
790	18
791	23
792	23
793	26
794	21
795	21
796	26
797	19
798	19
799	18
8	31417
80	6446
800	20
801	20
802	17
803	11
804	26
805	16
806	16
807	11
808	11
809	21
81	6119
810	13
811	10
812	15
813	20
814	20
815	13
816	17
817	17
818	13
819	16
82	6022
820	7
821	12
822	17
823	15
824	21
825	16
826	13
827	9
828	9
829	15
83	6029
830	8
831	20
832	18
833	11
834	14
835	19
836	12
837	16
838	15
839	12
84	5864
840	13
841	10
842	9
843	12
844	10
845	11
846	13
847	12
848	16
849	14
85	5790
850	8
851	10
852	9
853	17
854	20
855	22
856	14
857	17
858	11
859	12
86	5789
860	13
861	14
862	12
863	14
864	7
865	12
866	9
867	14
868	9
869	9
87	5650
870	13
871	6
872	17
873	14
874	12
875	15
876	21
877	9
878	13
879	10
88	5554
880	11
881	7
882	16
883	14
884	10
885	6
886	9
887	10
888	8
889	17
89	5601
890	10
891	13
892	7
893	12
894	16
895	9
896	12
897	7
898	8
899	17
9	28538
90	5392
900	8
901	11
902	15
903	11
904	8
905	10
906	9
907	8
908	11
909	15
91	5417
910	10
911	9
912	16
913	5
914	12
915	7
916	11
917	5
918	9
919	13
92	5374
920	9
921	10
922	11
923	8
924	8
925	4
926	11
927	15
928	7
929	7
93	5271
930	13
931	17
932	7
933	10
934	11
935	5
936	10
937	7
938	4
939	10
94	5076
940	6
941	6
942	10
943	8
944	9
945	12
946	14
947	11
948	9
949	10
95	5062
950	5
951	10
952	5
953	9
954	8
955	11
956	13
957	9
958	6
959	11
96	5152
960	12
961	9
962	15
963	7
964	9
965	9
966	8
967	11
968	8
969	7
97	4899
970	7
971	11
972	14
973	6
974	13
975	9
976	7
977	13
978	11
979	9
98	4808
980	8
981	7
982	9
983	6
984	15
985	15
986	6
987	12
988	9
989	11
99	4805
990	4
991	11
992	3
993	6
994	9
995	12
996	11
997	5
998	8
999	13
